<?xml version="1.0" encoding="UTF-8"?>
<!-- Generated by org.testng.reporters.JUnitReportReporter -->
<testsuite skipped="0" hostname="Mario" name="pack.TestRunner" tests="1" failures="0" timestamp="15 May 2018 16:48:57 GMT" time="2.636" errors="0">
  <testcase name="feature" time="2.636" classname="pack.TestRunner"/>
</testsuite> <!-- pack.TestRunner -->
