<?xml version="1.0" encoding="UTF-8"?>
<!-- Generated by org.testng.reporters.JUnitReportReporter -->
<testsuite skipped="0" hostname="Mario" name="pack.TestRunner" tests="1" failures="0" timestamp="17 May 2018 11:59:42 GMT" time="3.749" errors="0">
  <testcase name="feature" time="3.749" classname="pack.TestRunner"/>
</testsuite> <!-- pack.TestRunner -->
